2025-09-13 15:21:24,465 - __main__ - INFO - Starting Simple Interactive SS.lv Monitor Bot...
2025-09-13 15:21:24,465 - __main__ - INFO - Initializing database...
2025-09-13 15:21:24,466 - ss_monitor.database.database_manager - INFO - Database initialized successfully
2025-09-13 15:21:24,466 - ss_monitor.database.database_manager - INFO - Database initialized successfully
2025-09-13 15:21:24,466 - __main__ - INFO - Initializing interactive bot...
2025-09-13 15:21:24,532 - ss_monitor.bot.interactive_bot - INFO - Added interactive handlers
2025-09-13 15:21:24,532 - ss_monitor.bot.interactive_bot - INFO - Interactive Telegram application setup completed
2025-09-13 15:21:24,532 - __main__ - INFO - Bot is ready! Send /start to your bot in Telegram
2025-09-13 15:21:24,532 - __main__ - INFO - Press Ctrl+C to stop the bot
2025-09-13 15:21:24,532 - ss_monitor.bot.interactive_bot - INFO - Starting Interactive SS.lv Monitor Bot...
2025-09-13 15:21:24,532 - ss_monitor.bot.interactive_bot - INFO - Bot is ready! Send /start to your bot in Telegram
2025-09-13 15:21:24,532 - ss_monitor.bot.interactive_bot - INFO - Press Ctrl+C to stop the bot
2025-09-13 15:21:24,670 - httpx - INFO - HTTP Request: POST https://api.telegram.org/bot8348868901:AAFaXAgENEALsh0qRLWnb_b8pJearMYdEmo/getMe "HTTP/1.1 200 OK"
2025-09-13 15:21:24,716 - httpx - INFO - HTTP Request: POST https://api.telegram.org/bot8348868901:AAFaXAgENEALsh0qRLWnb_b8pJearMYdEmo/deleteWebhook "HTTP/1.1 200 OK"
2025-09-13 15:21:24,717 - apscheduler.scheduler - INFO - Scheduler started
2025-09-13 15:21:24,717 - telegram.ext.Application - INFO - Application started
2025-09-13 15:21:34,859 - httpx - INFO - HTTP Request: POST https://api.telegram.org/bot8348868901:AAFaXAgENEALsh0qRLWnb_b8pJearMYdEmo/getUpdates "HTTP/1.1 200 OK"
2025-09-13 15:21:44,904 - httpx - INFO - HTTP Request: POST https://api.telegram.org/bot8348868901:AAFaXAgENEALsh0qRLWnb_b8pJearMYdEmo/getUpdates "HTTP/1.1 200 OK"
2025-09-13 15:21:54,948 - httpx - INFO - HTTP Request: POST https://api.telegram.org/bot8348868901:AAFaXAgENEALsh0qRLWnb_b8pJearMYdEmo/getUpdates "HTTP/1.1 200 OK"
2025-09-13 15:22:04,995 - httpx - INFO - HTTP Request: POST https://api.telegram.org/bot8348868901:AAFaXAgENEALsh0qRLWnb_b8pJearMYdEmo/getUpdates "HTTP/1.1 200 OK"
2025-09-13 15:22:15,042 - httpx - INFO - HTTP Request: POST https://api.telegram.org/bot8348868901:AAFaXAgENEALsh0qRLWnb_b8pJearMYdEmo/getUpdates "HTTP/1.1 200 OK"
2025-09-13 15:22:25,088 - httpx - INFO - HTTP Request: POST https://api.telegram.org/bot8348868901:AAFaXAgENEALsh0qRLWnb_b8pJearMYdEmo/getUpdates "HTTP/1.1 200 OK"
2025-09-13 15:22:35,134 - httpx - INFO - HTTP Request: POST https://api.telegram.org/bot8348868901:AAFaXAgENEALsh0qRLWnb_b8pJearMYdEmo/getUpdates "HTTP/1.1 200 OK"
2025-09-13 15:22:45,179 - httpx - INFO - HTTP Request: POST https://api.telegram.org/bot8348868901:AAFaXAgENEALsh0qRLWnb_b8pJearMYdEmo/getUpdates "HTTP/1.1 200 OK"
2025-09-13 15:22:55,226 - httpx - INFO - HTTP Request: POST https://api.telegram.org/bot8348868901:AAFaXAgENEALsh0qRLWnb_b8pJearMYdEmo/getUpdates "HTTP/1.1 200 OK"
2025-09-13 15:23:05,273 - httpx - INFO - HTTP Request: POST https://api.telegram.org/bot8348868901:AAFaXAgENEALsh0qRLWnb_b8pJearMYdEmo/getUpdates "HTTP/1.1 200 OK"
2025-09-13 15:23:15,317 - httpx - INFO - HTTP Request: POST https://api.telegram.org/bot8348868901:AAFaXAgENEALsh0qRLWnb_b8pJearMYdEmo/getUpdates "HTTP/1.1 200 OK"
2025-09-13 15:23:25,364 - httpx - INFO - HTTP Request: POST https://api.telegram.org/bot8348868901:AAFaXAgENEALsh0qRLWnb_b8pJearMYdEmo/getUpdates "HTTP/1.1 200 OK"
2025-09-13 15:23:35,416 - httpx - INFO - HTTP Request: POST https://api.telegram.org/bot8348868901:AAFaXAgENEALsh0qRLWnb_b8pJearMYdEmo/getUpdates "HTTP/1.1 200 OK"
2025-09-13 15:23:45,463 - httpx - INFO - HTTP Request: POST https://api.telegram.org/bot8348868901:AAFaXAgENEALsh0qRLWnb_b8pJearMYdEmo/getUpdates "HTTP/1.1 200 OK"
2025-09-13 15:23:55,506 - httpx - INFO - HTTP Request: POST https://api.telegram.org/bot8348868901:AAFaXAgENEALsh0qRLWnb_b8pJearMYdEmo/getUpdates "HTTP/1.1 200 OK"
2025-09-13 15:24:05,551 - httpx - INFO - HTTP Request: POST https://api.telegram.org/bot8348868901:AAFaXAgENEALsh0qRLWnb_b8pJearMYdEmo/getUpdates "HTTP/1.1 200 OK"
2025-09-13 15:24:15,596 - httpx - INFO - HTTP Request: POST https://api.telegram.org/bot8348868901:AAFaXAgENEALsh0qRLWnb_b8pJearMYdEmo/getUpdates "HTTP/1.1 200 OK"
2025-09-13 15:24:25,643 - httpx - INFO - HTTP Request: POST https://api.telegram.org/bot8348868901:AAFaXAgENEALsh0qRLWnb_b8pJearMYdEmo/getUpdates "HTTP/1.1 200 OK"
2025-09-13 15:24:35,694 - httpx - INFO - HTTP Request: POST https://api.telegram.org/bot8348868901:AAFaXAgENEALsh0qRLWnb_b8pJearMYdEmo/getUpdates "HTTP/1.1 200 OK"
2025-09-13 15:24:45,739 - httpx - INFO - HTTP Request: POST https://api.telegram.org/bot8348868901:AAFaXAgENEALsh0qRLWnb_b8pJearMYdEmo/getUpdates "HTTP/1.1 200 OK"
2025-09-13 15:24:55,785 - httpx - INFO - HTTP Request: POST https://api.telegram.org/bot8348868901:AAFaXAgENEALsh0qRLWnb_b8pJearMYdEmo/getUpdates "HTTP/1.1 200 OK"
2025-09-13 15:25:05,832 - httpx - INFO - HTTP Request: POST https://api.telegram.org/bot8348868901:AAFaXAgENEALsh0qRLWnb_b8pJearMYdEmo/getUpdates "HTTP/1.1 200 OK"
2025-09-13 15:25:15,878 - httpx - INFO - HTTP Request: POST https://api.telegram.org/bot8348868901:AAFaXAgENEALsh0qRLWnb_b8pJearMYdEmo/getUpdates "HTTP/1.1 200 OK"
2025-09-13 15:25:25,923 - httpx - INFO - HTTP Request: POST https://api.telegram.org/bot8348868901:AAFaXAgENEALsh0qRLWnb_b8pJearMYdEmo/getUpdates "HTTP/1.1 200 OK"
2025-09-13 15:25:35,968 - httpx - INFO - HTTP Request: POST https://api.telegram.org/bot8348868901:AAFaXAgENEALsh0qRLWnb_b8pJearMYdEmo/getUpdates "HTTP/1.1 200 OK"
2025-09-13 15:25:46,016 - httpx - INFO - HTTP Request: POST https://api.telegram.org/bot8348868901:AAFaXAgENEALsh0qRLWnb_b8pJearMYdEmo/getUpdates "HTTP/1.1 200 OK"
2025-09-13 15:25:56,061 - httpx - INFO - HTTP Request: POST https://api.telegram.org/bot8348868901:AAFaXAgENEALsh0qRLWnb_b8pJearMYdEmo/getUpdates "HTTP/1.1 200 OK"
2025-09-13 15:26:06,105 - httpx - INFO - HTTP Request: POST https://api.telegram.org/bot8348868901:AAFaXAgENEALsh0qRLWnb_b8pJearMYdEmo/getUpdates "HTTP/1.1 200 OK"
2025-09-13 15:26:16,151 - httpx - INFO - HTTP Request: POST https://api.telegram.org/bot8348868901:AAFaXAgENEALsh0qRLWnb_b8pJearMYdEmo/getUpdates "HTTP/1.1 200 OK"
2025-09-13 15:26:26,190 - httpx - INFO - HTTP Request: POST https://api.telegram.org/bot8348868901:AAFaXAgENEALsh0qRLWnb_b8pJearMYdEmo/getUpdates "HTTP/1.1 200 OK"
2025-09-13 15:26:36,227 - httpx - INFO - HTTP Request: POST https://api.telegram.org/bot8348868901:AAFaXAgENEALsh0qRLWnb_b8pJearMYdEmo/getUpdates "HTTP/1.1 200 OK"
2025-09-13 15:26:46,274 - httpx - INFO - HTTP Request: POST https://api.telegram.org/bot8348868901:AAFaXAgENEALsh0qRLWnb_b8pJearMYdEmo/getUpdates "HTTP/1.1 200 OK"
2025-09-13 15:26:56,326 - httpx - INFO - HTTP Request: POST https://api.telegram.org/bot8348868901:AAFaXAgENEALsh0qRLWnb_b8pJearMYdEmo/getUpdates "HTTP/1.1 200 OK"
2025-09-13 15:27:06,369 - httpx - INFO - HTTP Request: POST https://api.telegram.org/bot8348868901:AAFaXAgENEALsh0qRLWnb_b8pJearMYdEmo/getUpdates "HTTP/1.1 200 OK"
2025-09-13 15:27:16,417 - httpx - INFO - HTTP Request: POST https://api.telegram.org/bot8348868901:AAFaXAgENEALsh0qRLWnb_b8pJearMYdEmo/getUpdates "HTTP/1.1 200 OK"
2025-09-13 15:27:26,460 - httpx - INFO - HTTP Request: POST https://api.telegram.org/bot8348868901:AAFaXAgENEALsh0qRLWnb_b8pJearMYdEmo/getUpdates "HTTP/1.1 200 OK"
2025-09-13 15:27:36,504 - httpx - INFO - HTTP Request: POST https://api.telegram.org/bot8348868901:AAFaXAgENEALsh0qRLWnb_b8pJearMYdEmo/getUpdates "HTTP/1.1 200 OK"
2025-09-13 15:27:46,552 - httpx - INFO - HTTP Request: POST https://api.telegram.org/bot8348868901:AAFaXAgENEALsh0qRLWnb_b8pJearMYdEmo/getUpdates "HTTP/1.1 200 OK"
2025-09-13 15:27:56,604 - httpx - INFO - HTTP Request: POST https://api.telegram.org/bot8348868901:AAFaXAgENEALsh0qRLWnb_b8pJearMYdEmo/getUpdates "HTTP/1.1 200 OK"
2025-09-13 15:28:06,648 - httpx - INFO - HTTP Request: POST https://api.telegram.org/bot8348868901:AAFaXAgENEALsh0qRLWnb_b8pJearMYdEmo/getUpdates "HTTP/1.1 200 OK"
2025-09-13 15:28:16,693 - httpx - INFO - HTTP Request: POST https://api.telegram.org/bot8348868901:AAFaXAgENEALsh0qRLWnb_b8pJearMYdEmo/getUpdates "HTTP/1.1 200 OK"
2025-09-13 15:28:26,740 - httpx - INFO - HTTP Request: POST https://api.telegram.org/bot8348868901:AAFaXAgENEALsh0qRLWnb_b8pJearMYdEmo/getUpdates "HTTP/1.1 200 OK"
2025-09-13 15:28:36,787 - httpx - INFO - HTTP Request: POST https://api.telegram.org/bot8348868901:AAFaXAgENEALsh0qRLWnb_b8pJearMYdEmo/getUpdates "HTTP/1.1 200 OK"
2025-09-13 15:28:46,832 - httpx - INFO - HTTP Request: POST https://api.telegram.org/bot8348868901:AAFaXAgENEALsh0qRLWnb_b8pJearMYdEmo/getUpdates "HTTP/1.1 200 OK"
2025-09-13 15:28:56,879 - httpx - INFO - HTTP Request: POST https://api.telegram.org/bot8348868901:AAFaXAgENEALsh0qRLWnb_b8pJearMYdEmo/getUpdates "HTTP/1.1 200 OK"
2025-09-13 15:29:06,923 - httpx - INFO - HTTP Request: POST https://api.telegram.org/bot8348868901:AAFaXAgENEALsh0qRLWnb_b8pJearMYdEmo/getUpdates "HTTP/1.1 200 OK"
2025-09-13 15:29:16,971 - httpx - INFO - HTTP Request: POST https://api.telegram.org/bot8348868901:AAFaXAgENEALsh0qRLWnb_b8pJearMYdEmo/getUpdates "HTTP/1.1 200 OK"
2025-09-13 15:29:27,052 - httpx - INFO - HTTP Request: POST https://api.telegram.org/bot8348868901:AAFaXAgENEALsh0qRLWnb_b8pJearMYdEmo/getUpdates "HTTP/1.1 200 OK"
2025-09-13 15:29:37,097 - httpx - INFO - HTTP Request: POST https://api.telegram.org/bot8348868901:AAFaXAgENEALsh0qRLWnb_b8pJearMYdEmo/getUpdates "HTTP/1.1 200 OK"
2025-09-13 15:29:47,144 - httpx - INFO - HTTP Request: POST https://api.telegram.org/bot8348868901:AAFaXAgENEALsh0qRLWnb_b8pJearMYdEmo/getUpdates "HTTP/1.1 200 OK"
2025-09-13 15:29:57,188 - httpx - INFO - HTTP Request: POST https://api.telegram.org/bot8348868901:AAFaXAgENEALsh0qRLWnb_b8pJearMYdEmo/getUpdates "HTTP/1.1 200 OK"
2025-09-13 15:30:07,234 - httpx - INFO - HTTP Request: POST https://api.telegram.org/bot8348868901:AAFaXAgENEALsh0qRLWnb_b8pJearMYdEmo/getUpdates "HTTP/1.1 200 OK"
2025-09-13 15:30:17,283 - httpx - INFO - HTTP Request: POST https://api.telegram.org/bot8348868901:AAFaXAgENEALsh0qRLWnb_b8pJearMYdEmo/getUpdates "HTTP/1.1 200 OK"
2025-09-13 15:30:27,328 - httpx - INFO - HTTP Request: POST https://api.telegram.org/bot8348868901:AAFaXAgENEALsh0qRLWnb_b8pJearMYdEmo/getUpdates "HTTP/1.1 200 OK"
2025-09-13 15:30:37,372 - httpx - INFO - HTTP Request: POST https://api.telegram.org/bot8348868901:AAFaXAgENEALsh0qRLWnb_b8pJearMYdEmo/getUpdates "HTTP/1.1 200 OK"
2025-09-13 15:30:47,416 - httpx - INFO - HTTP Request: POST https://api.telegram.org/bot8348868901:AAFaXAgENEALsh0qRLWnb_b8pJearMYdEmo/getUpdates "HTTP/1.1 200 OK"
2025-09-13 15:30:57,462 - httpx - INFO - HTTP Request: POST https://api.telegram.org/bot8348868901:AAFaXAgENEALsh0qRLWnb_b8pJearMYdEmo/getUpdates "HTTP/1.1 200 OK"
2025-09-13 15:31:07,506 - httpx - INFO - HTTP Request: POST https://api.telegram.org/bot8348868901:AAFaXAgENEALsh0qRLWnb_b8pJearMYdEmo/getUpdates "HTTP/1.1 200 OK"
2025-09-13 15:31:17,551 - httpx - INFO - HTTP Request: POST https://api.telegram.org/bot8348868901:AAFaXAgENEALsh0qRLWnb_b8pJearMYdEmo/getUpdates "HTTP/1.1 200 OK"
2025-09-13 15:31:27,594 - httpx - INFO - HTTP Request: POST https://api.telegram.org/bot8348868901:AAFaXAgENEALsh0qRLWnb_b8pJearMYdEmo/getUpdates "HTTP/1.1 200 OK"
2025-09-13 15:31:37,638 - httpx - INFO - HTTP Request: POST https://api.telegram.org/bot8348868901:AAFaXAgENEALsh0qRLWnb_b8pJearMYdEmo/getUpdates "HTTP/1.1 200 OK"
2025-09-13 15:31:47,685 - httpx - INFO - HTTP Request: POST https://api.telegram.org/bot8348868901:AAFaXAgENEALsh0qRLWnb_b8pJearMYdEmo/getUpdates "HTTP/1.1 200 OK"
2025-09-13 15:31:57,728 - httpx - INFO - HTTP Request: POST https://api.telegram.org/bot8348868901:AAFaXAgENEALsh0qRLWnb_b8pJearMYdEmo/getUpdates "HTTP/1.1 200 OK"
2025-09-13 15:32:07,780 - httpx - INFO - HTTP Request: POST https://api.telegram.org/bot8348868901:AAFaXAgENEALsh0qRLWnb_b8pJearMYdEmo/getUpdates "HTTP/1.1 200 OK"
2025-09-13 15:32:17,824 - httpx - INFO - HTTP Request: POST https://api.telegram.org/bot8348868901:AAFaXAgENEALsh0qRLWnb_b8pJearMYdEmo/getUpdates "HTTP/1.1 200 OK"
2025-09-13 15:32:27,867 - httpx - INFO - HTTP Request: POST https://api.telegram.org/bot8348868901:AAFaXAgENEALsh0qRLWnb_b8pJearMYdEmo/getUpdates "HTTP/1.1 200 OK"
2025-09-13 15:32:37,911 - httpx - INFO - HTTP Request: POST https://api.telegram.org/bot8348868901:AAFaXAgENEALsh0qRLWnb_b8pJearMYdEmo/getUpdates "HTTP/1.1 200 OK"
2025-09-13 15:32:47,956 - httpx - INFO - HTTP Request: POST https://api.telegram.org/bot8348868901:AAFaXAgENEALsh0qRLWnb_b8pJearMYdEmo/getUpdates "HTTP/1.1 200 OK"
2025-09-13 15:32:58,000 - httpx - INFO - HTTP Request: POST https://api.telegram.org/bot8348868901:AAFaXAgENEALsh0qRLWnb_b8pJearMYdEmo/getUpdates "HTTP/1.1 200 OK"
2025-09-13 15:33:08,043 - httpx - INFO - HTTP Request: POST https://api.telegram.org/bot8348868901:AAFaXAgENEALsh0qRLWnb_b8pJearMYdEmo/getUpdates "HTTP/1.1 200 OK"
2025-09-13 15:33:18,089 - httpx - INFO - HTTP Request: POST https://api.telegram.org/bot8348868901:AAFaXAgENEALsh0qRLWnb_b8pJearMYdEmo/getUpdates "HTTP/1.1 200 OK"
2025-09-13 15:33:28,134 - httpx - INFO - HTTP Request: POST https://api.telegram.org/bot8348868901:AAFaXAgENEALsh0qRLWnb_b8pJearMYdEmo/getUpdates "HTTP/1.1 200 OK"
2025-09-13 15:33:38,179 - httpx - INFO - HTTP Request: POST https://api.telegram.org/bot8348868901:AAFaXAgENEALsh0qRLWnb_b8pJearMYdEmo/getUpdates "HTTP/1.1 200 OK"
2025-09-13 15:33:48,223 - httpx - INFO - HTTP Request: POST https://api.telegram.org/bot8348868901:AAFaXAgENEALsh0qRLWnb_b8pJearMYdEmo/getUpdates "HTTP/1.1 200 OK"
2025-09-13 15:33:58,267 - httpx - INFO - HTTP Request: POST https://api.telegram.org/bot8348868901:AAFaXAgENEALsh0qRLWnb_b8pJearMYdEmo/getUpdates "HTTP/1.1 200 OK"
2025-09-13 15:34:08,313 - httpx - INFO - HTTP Request: POST https://api.telegram.org/bot8348868901:AAFaXAgENEALsh0qRLWnb_b8pJearMYdEmo/getUpdates "HTTP/1.1 200 OK"
2025-09-13 15:34:18,359 - httpx - INFO - HTTP Request: POST https://api.telegram.org/bot8348868901:AAFaXAgENEALsh0qRLWnb_b8pJearMYdEmo/getUpdates "HTTP/1.1 200 OK"
2025-09-13 15:34:28,403 - httpx - INFO - HTTP Request: POST https://api.telegram.org/bot8348868901:AAFaXAgENEALsh0qRLWnb_b8pJearMYdEmo/getUpdates "HTTP/1.1 200 OK"
2025-09-13 15:34:38,447 - httpx - INFO - HTTP Request: POST https://api.telegram.org/bot8348868901:AAFaXAgENEALsh0qRLWnb_b8pJearMYdEmo/getUpdates "HTTP/1.1 200 OK"
2025-09-13 15:34:48,494 - httpx - INFO - HTTP Request: POST https://api.telegram.org/bot8348868901:AAFaXAgENEALsh0qRLWnb_b8pJearMYdEmo/getUpdates "HTTP/1.1 200 OK"
2025-09-13 15:34:58,540 - httpx - INFO - HTTP Request: POST https://api.telegram.org/bot8348868901:AAFaXAgENEALsh0qRLWnb_b8pJearMYdEmo/getUpdates "HTTP/1.1 200 OK"
2025-09-13 15:35:08,610 - httpx - INFO - HTTP Request: POST https://api.telegram.org/bot8348868901:AAFaXAgENEALsh0qRLWnb_b8pJearMYdEmo/getUpdates "HTTP/1.1 200 OK"
2025-09-13 15:35:18,656 - httpx - INFO - HTTP Request: POST https://api.telegram.org/bot8348868901:AAFaXAgENEALsh0qRLWnb_b8pJearMYdEmo/getUpdates "HTTP/1.1 200 OK"
2025-09-13 15:35:28,707 - httpx - INFO - HTTP Request: POST https://api.telegram.org/bot8348868901:AAFaXAgENEALsh0qRLWnb_b8pJearMYdEmo/getUpdates "HTTP/1.1 200 OK"
2025-09-13 15:35:38,751 - httpx - INFO - HTTP Request: POST https://api.telegram.org/bot8348868901:AAFaXAgENEALsh0qRLWnb_b8pJearMYdEmo/getUpdates "HTTP/1.1 200 OK"
2025-09-13 15:35:48,797 - httpx - INFO - HTTP Request: POST https://api.telegram.org/bot8348868901:AAFaXAgENEALsh0qRLWnb_b8pJearMYdEmo/getUpdates "HTTP/1.1 200 OK"
2025-09-13 15:35:58,845 - httpx - INFO - HTTP Request: POST https://api.telegram.org/bot8348868901:AAFaXAgENEALsh0qRLWnb_b8pJearMYdEmo/getUpdates "HTTP/1.1 200 OK"
2025-09-13 15:36:08,891 - httpx - INFO - HTTP Request: POST https://api.telegram.org/bot8348868901:AAFaXAgENEALsh0qRLWnb_b8pJearMYdEmo/getUpdates "HTTP/1.1 200 OK"
2025-09-13 15:36:18,935 - httpx - INFO - HTTP Request: POST https://api.telegram.org/bot8348868901:AAFaXAgENEALsh0qRLWnb_b8pJearMYdEmo/getUpdates "HTTP/1.1 200 OK"
2025-09-13 15:36:28,986 - httpx - INFO - HTTP Request: POST https://api.telegram.org/bot8348868901:AAFaXAgENEALsh0qRLWnb_b8pJearMYdEmo/getUpdates "HTTP/1.1 200 OK"
2025-09-13 15:36:39,036 - httpx - INFO - HTTP Request: POST https://api.telegram.org/bot8348868901:AAFaXAgENEALsh0qRLWnb_b8pJearMYdEmo/getUpdates "HTTP/1.1 200 OK"
2025-09-13 15:36:49,080 - httpx - INFO - HTTP Request: POST https://api.telegram.org/bot8348868901:AAFaXAgENEALsh0qRLWnb_b8pJearMYdEmo/getUpdates "HTTP/1.1 200 OK"
2025-09-13 15:36:59,127 - httpx - INFO - HTTP Request: POST https://api.telegram.org/bot8348868901:AAFaXAgENEALsh0qRLWnb_b8pJearMYdEmo/getUpdates "HTTP/1.1 200 OK"
2025-09-13 15:37:09,173 - httpx - INFO - HTTP Request: POST https://api.telegram.org/bot8348868901:AAFaXAgENEALsh0qRLWnb_b8pJearMYdEmo/getUpdates "HTTP/1.1 200 OK"
2025-09-13 15:37:19,221 - httpx - INFO - HTTP Request: POST https://api.telegram.org/bot8348868901:AAFaXAgENEALsh0qRLWnb_b8pJearMYdEmo/getUpdates "HTTP/1.1 200 OK"
2025-09-13 15:37:29,267 - httpx - INFO - HTTP Request: POST https://api.telegram.org/bot8348868901:AAFaXAgENEALsh0qRLWnb_b8pJearMYdEmo/getUpdates "HTTP/1.1 200 OK"
2025-09-13 15:37:39,313 - httpx - INFO - HTTP Request: POST https://api.telegram.org/bot8348868901:AAFaXAgENEALsh0qRLWnb_b8pJearMYdEmo/getUpdates "HTTP/1.1 200 OK"
2025-09-13 15:37:49,358 - httpx - INFO - HTTP Request: POST https://api.telegram.org/bot8348868901:AAFaXAgENEALsh0qRLWnb_b8pJearMYdEmo/getUpdates "HTTP/1.1 200 OK"
2025-09-13 15:37:59,403 - httpx - INFO - HTTP Request: POST https://api.telegram.org/bot8348868901:AAFaXAgENEALsh0qRLWnb_b8pJearMYdEmo/getUpdates "HTTP/1.1 200 OK"
2025-09-13 15:38:09,449 - httpx - INFO - HTTP Request: POST https://api.telegram.org/bot8348868901:AAFaXAgENEALsh0qRLWnb_b8pJearMYdEmo/getUpdates "HTTP/1.1 200 OK"
2025-09-13 15:38:19,614 - httpx - INFO - HTTP Request: POST https://api.telegram.org/bot8348868901:AAFaXAgENEALsh0qRLWnb_b8pJearMYdEmo/getUpdates "HTTP/1.1 200 OK"
2025-09-13 15:38:29,659 - httpx - INFO - HTTP Request: POST https://api.telegram.org/bot8348868901:AAFaXAgENEALsh0qRLWnb_b8pJearMYdEmo/getUpdates "HTTP/1.1 200 OK"
2025-09-13 15:38:39,703 - httpx - INFO - HTTP Request: POST https://api.telegram.org/bot8348868901:AAFaXAgENEALsh0qRLWnb_b8pJearMYdEmo/getUpdates "HTTP/1.1 200 OK"
2025-09-13 15:38:49,748 - httpx - INFO - HTTP Request: POST https://api.telegram.org/bot8348868901:AAFaXAgENEALsh0qRLWnb_b8pJearMYdEmo/getUpdates "HTTP/1.1 200 OK"
2025-09-13 15:38:59,793 - httpx - INFO - HTTP Request: POST https://api.telegram.org/bot8348868901:AAFaXAgENEALsh0qRLWnb_b8pJearMYdEmo/getUpdates "HTTP/1.1 200 OK"
2025-09-13 15:39:09,837 - httpx - INFO - HTTP Request: POST https://api.telegram.org/bot8348868901:AAFaXAgENEALsh0qRLWnb_b8pJearMYdEmo/getUpdates "HTTP/1.1 200 OK"
2025-09-13 15:39:19,881 - httpx - INFO - HTTP Request: POST https://api.telegram.org/bot8348868901:AAFaXAgENEALsh0qRLWnb_b8pJearMYdEmo/getUpdates "HTTP/1.1 200 OK"
2025-09-13 15:39:29,929 - httpx - INFO - HTTP Request: POST https://api.telegram.org/bot8348868901:AAFaXAgENEALsh0qRLWnb_b8pJearMYdEmo/getUpdates "HTTP/1.1 200 OK"
2025-09-13 15:39:39,974 - httpx - INFO - HTTP Request: POST https://api.telegram.org/bot8348868901:AAFaXAgENEALsh0qRLWnb_b8pJearMYdEmo/getUpdates "HTTP/1.1 200 OK"
2025-09-13 15:39:50,019 - httpx - INFO - HTTP Request: POST https://api.telegram.org/bot8348868901:AAFaXAgENEALsh0qRLWnb_b8pJearMYdEmo/getUpdates "HTTP/1.1 200 OK"
2025-09-13 15:40:00,064 - httpx - INFO - HTTP Request: POST https://api.telegram.org/bot8348868901:AAFaXAgENEALsh0qRLWnb_b8pJearMYdEmo/getUpdates "HTTP/1.1 200 OK"
2025-09-13 15:40:10,112 - httpx - INFO - HTTP Request: POST https://api.telegram.org/bot8348868901:AAFaXAgENEALsh0qRLWnb_b8pJearMYdEmo/getUpdates "HTTP/1.1 200 OK"
2025-09-13 15:40:20,156 - httpx - INFO - HTTP Request: POST https://api.telegram.org/bot8348868901:AAFaXAgENEALsh0qRLWnb_b8pJearMYdEmo/getUpdates "HTTP/1.1 200 OK"
2025-09-13 15:40:30,204 - httpx - INFO - HTTP Request: POST https://api.telegram.org/bot8348868901:AAFaXAgENEALsh0qRLWnb_b8pJearMYdEmo/getUpdates "HTTP/1.1 200 OK"
2025-09-13 15:40:40,249 - httpx - INFO - HTTP Request: POST https://api.telegram.org/bot8348868901:AAFaXAgENEALsh0qRLWnb_b8pJearMYdEmo/getUpdates "HTTP/1.1 200 OK"
2025-09-13 15:40:50,296 - httpx - INFO - HTTP Request: POST https://api.telegram.org/bot8348868901:AAFaXAgENEALsh0qRLWnb_b8pJearMYdEmo/getUpdates "HTTP/1.1 200 OK"
2025-09-13 15:41:00,342 - httpx - INFO - HTTP Request: POST https://api.telegram.org/bot8348868901:AAFaXAgENEALsh0qRLWnb_b8pJearMYdEmo/getUpdates "HTTP/1.1 200 OK"
2025-09-13 15:41:10,386 - httpx - INFO - HTTP Request: POST https://api.telegram.org/bot8348868901:AAFaXAgENEALsh0qRLWnb_b8pJearMYdEmo/getUpdates "HTTP/1.1 200 OK"
2025-09-13 15:41:20,431 - httpx - INFO - HTTP Request: POST https://api.telegram.org/bot8348868901:AAFaXAgENEALsh0qRLWnb_b8pJearMYdEmo/getUpdates "HTTP/1.1 200 OK"
2025-09-13 15:41:30,476 - httpx - INFO - HTTP Request: POST https://api.telegram.org/bot8348868901:AAFaXAgENEALsh0qRLWnb_b8pJearMYdEmo/getUpdates "HTTP/1.1 200 OK"
2025-09-13 15:41:40,522 - httpx - INFO - HTTP Request: POST https://api.telegram.org/bot8348868901:AAFaXAgENEALsh0qRLWnb_b8pJearMYdEmo/getUpdates "HTTP/1.1 200 OK"
2025-09-13 15:41:50,566 - httpx - INFO - HTTP Request: POST https://api.telegram.org/bot8348868901:AAFaXAgENEALsh0qRLWnb_b8pJearMYdEmo/getUpdates "HTTP/1.1 200 OK"
2025-09-13 15:42:00,610 - httpx - INFO - HTTP Request: POST https://api.telegram.org/bot8348868901:AAFaXAgENEALsh0qRLWnb_b8pJearMYdEmo/getUpdates "HTTP/1.1 200 OK"
2025-09-13 15:42:10,657 - httpx - INFO - HTTP Request: POST https://api.telegram.org/bot8348868901:AAFaXAgENEALsh0qRLWnb_b8pJearMYdEmo/getUpdates "HTTP/1.1 200 OK"
2025-09-13 15:42:20,702 - httpx - INFO - HTTP Request: POST https://api.telegram.org/bot8348868901:AAFaXAgENEALsh0qRLWnb_b8pJearMYdEmo/getUpdates "HTTP/1.1 200 OK"
2025-09-13 15:42:30,749 - httpx - INFO - HTTP Request: POST https://api.telegram.org/bot8348868901:AAFaXAgENEALsh0qRLWnb_b8pJearMYdEmo/getUpdates "HTTP/1.1 200 OK"
2025-09-13 15:42:40,793 - httpx - INFO - HTTP Request: POST https://api.telegram.org/bot8348868901:AAFaXAgENEALsh0qRLWnb_b8pJearMYdEmo/getUpdates "HTTP/1.1 200 OK"
2025-09-13 15:42:50,842 - httpx - INFO - HTTP Request: POST https://api.telegram.org/bot8348868901:AAFaXAgENEALsh0qRLWnb_b8pJearMYdEmo/getUpdates "HTTP/1.1 200 OK"
2025-09-13 15:43:00,887 - httpx - INFO - HTTP Request: POST https://api.telegram.org/bot8348868901:AAFaXAgENEALsh0qRLWnb_b8pJearMYdEmo/getUpdates "HTTP/1.1 200 OK"
2025-09-13 15:43:10,932 - httpx - INFO - HTTP Request: POST https://api.telegram.org/bot8348868901:AAFaXAgENEALsh0qRLWnb_b8pJearMYdEmo/getUpdates "HTTP/1.1 200 OK"
2025-09-13 15:43:20,981 - httpx - INFO - HTTP Request: POST https://api.telegram.org/bot8348868901:AAFaXAgENEALsh0qRLWnb_b8pJearMYdEmo/getUpdates "HTTP/1.1 200 OK"
2025-09-13 15:43:31,025 - httpx - INFO - HTTP Request: POST https://api.telegram.org/bot8348868901:AAFaXAgENEALsh0qRLWnb_b8pJearMYdEmo/getUpdates "HTTP/1.1 200 OK"
2025-09-13 15:43:41,069 - httpx - INFO - HTTP Request: POST https://api.telegram.org/bot8348868901:AAFaXAgENEALsh0qRLWnb_b8pJearMYdEmo/getUpdates "HTTP/1.1 200 OK"
2025-09-13 15:43:51,116 - httpx - INFO - HTTP Request: POST https://api.telegram.org/bot8348868901:AAFaXAgENEALsh0qRLWnb_b8pJearMYdEmo/getUpdates "HTTP/1.1 200 OK"
2025-09-13 15:44:01,163 - httpx - INFO - HTTP Request: POST https://api.telegram.org/bot8348868901:AAFaXAgENEALsh0qRLWnb_b8pJearMYdEmo/getUpdates "HTTP/1.1 200 OK"
2025-09-13 15:44:11,211 - httpx - INFO - HTTP Request: POST https://api.telegram.org/bot8348868901:AAFaXAgENEALsh0qRLWnb_b8pJearMYdEmo/getUpdates "HTTP/1.1 200 OK"
2025-09-13 15:44:21,256 - httpx - INFO - HTTP Request: POST https://api.telegram.org/bot8348868901:AAFaXAgENEALsh0qRLWnb_b8pJearMYdEmo/getUpdates "HTTP/1.1 200 OK"
2025-09-13 15:44:31,302 - httpx - INFO - HTTP Request: POST https://api.telegram.org/bot8348868901:AAFaXAgENEALsh0qRLWnb_b8pJearMYdEmo/getUpdates "HTTP/1.1 200 OK"
2025-09-13 15:44:41,347 - httpx - INFO - HTTP Request: POST https://api.telegram.org/bot8348868901:AAFaXAgENEALsh0qRLWnb_b8pJearMYdEmo/getUpdates "HTTP/1.1 200 OK"
2025-09-13 15:44:51,393 - httpx - INFO - HTTP Request: POST https://api.telegram.org/bot8348868901:AAFaXAgENEALsh0qRLWnb_b8pJearMYdEmo/getUpdates "HTTP/1.1 200 OK"
2025-09-13 15:45:01,445 - httpx - INFO - HTTP Request: POST https://api.telegram.org/bot8348868901:AAFaXAgENEALsh0qRLWnb_b8pJearMYdEmo/getUpdates "HTTP/1.1 200 OK"
2025-09-13 15:45:11,492 - httpx - INFO - HTTP Request: POST https://api.telegram.org/bot8348868901:AAFaXAgENEALsh0qRLWnb_b8pJearMYdEmo/getUpdates "HTTP/1.1 200 OK"
2025-09-13 15:45:21,542 - httpx - INFO - HTTP Request: POST https://api.telegram.org/bot8348868901:AAFaXAgENEALsh0qRLWnb_b8pJearMYdEmo/getUpdates "HTTP/1.1 200 OK"
2025-09-13 15:45:31,589 - httpx - INFO - HTTP Request: POST https://api.telegram.org/bot8348868901:AAFaXAgENEALsh0qRLWnb_b8pJearMYdEmo/getUpdates "HTTP/1.1 200 OK"
2025-09-13 15:45:41,634 - httpx - INFO - HTTP Request: POST https://api.telegram.org/bot8348868901:AAFaXAgENEALsh0qRLWnb_b8pJearMYdEmo/getUpdates "HTTP/1.1 200 OK"
2025-09-13 15:45:51,679 - httpx - INFO - HTTP Request: POST https://api.telegram.org/bot8348868901:AAFaXAgENEALsh0qRLWnb_b8pJearMYdEmo/getUpdates "HTTP/1.1 200 OK"
2025-09-13 15:46:01,727 - httpx - INFO - HTTP Request: POST https://api.telegram.org/bot8348868901:AAFaXAgENEALsh0qRLWnb_b8pJearMYdEmo/getUpdates "HTTP/1.1 200 OK"
2025-09-13 15:46:11,772 - httpx - INFO - HTTP Request: POST https://api.telegram.org/bot8348868901:AAFaXAgENEALsh0qRLWnb_b8pJearMYdEmo/getUpdates "HTTP/1.1 200 OK"
2025-09-13 15:46:21,821 - httpx - INFO - HTTP Request: POST https://api.telegram.org/bot8348868901:AAFaXAgENEALsh0qRLWnb_b8pJearMYdEmo/getUpdates "HTTP/1.1 200 OK"
2025-09-13 15:46:31,867 - httpx - INFO - HTTP Request: POST https://api.telegram.org/bot8348868901:AAFaXAgENEALsh0qRLWnb_b8pJearMYdEmo/getUpdates "HTTP/1.1 200 OK"
2025-09-13 15:46:41,912 - httpx - INFO - HTTP Request: POST https://api.telegram.org/bot8348868901:AAFaXAgENEALsh0qRLWnb_b8pJearMYdEmo/getUpdates "HTTP/1.1 200 OK"
2025-09-13 15:46:51,959 - httpx - INFO - HTTP Request: POST https://api.telegram.org/bot8348868901:AAFaXAgENEALsh0qRLWnb_b8pJearMYdEmo/getUpdates "HTTP/1.1 200 OK"
2025-09-13 15:47:02,005 - httpx - INFO - HTTP Request: POST https://api.telegram.org/bot8348868901:AAFaXAgENEALsh0qRLWnb_b8pJearMYdEmo/getUpdates "HTTP/1.1 200 OK"
2025-09-13 15:47:12,051 - httpx - INFO - HTTP Request: POST https://api.telegram.org/bot8348868901:AAFaXAgENEALsh0qRLWnb_b8pJearMYdEmo/getUpdates "HTTP/1.1 200 OK"
2025-09-13 15:47:22,095 - httpx - INFO - HTTP Request: POST https://api.telegram.org/bot8348868901:AAFaXAgENEALsh0qRLWnb_b8pJearMYdEmo/getUpdates "HTTP/1.1 200 OK"
2025-09-13 15:47:32,139 - httpx - INFO - HTTP Request: POST https://api.telegram.org/bot8348868901:AAFaXAgENEALsh0qRLWnb_b8pJearMYdEmo/getUpdates "HTTP/1.1 200 OK"
2025-09-13 15:47:42,201 - httpx - INFO - HTTP Request: POST https://api.telegram.org/bot8348868901:AAFaXAgENEALsh0qRLWnb_b8pJearMYdEmo/getUpdates "HTTP/1.1 200 OK"
2025-09-13 15:47:52,248 - httpx - INFO - HTTP Request: POST https://api.telegram.org/bot8348868901:AAFaXAgENEALsh0qRLWnb_b8pJearMYdEmo/getUpdates "HTTP/1.1 200 OK"
2025-09-13 15:48:02,291 - httpx - INFO - HTTP Request: POST https://api.telegram.org/bot8348868901:AAFaXAgENEALsh0qRLWnb_b8pJearMYdEmo/getUpdates "HTTP/1.1 200 OK"
2025-09-13 15:48:12,339 - httpx - INFO - HTTP Request: POST https://api.telegram.org/bot8348868901:AAFaXAgENEALsh0qRLWnb_b8pJearMYdEmo/getUpdates "HTTP/1.1 200 OK"
2025-09-13 15:48:22,384 - httpx - INFO - HTTP Request: POST https://api.telegram.org/bot8348868901:AAFaXAgENEALsh0qRLWnb_b8pJearMYdEmo/getUpdates "HTTP/1.1 200 OK"
2025-09-13 15:48:32,429 - httpx - INFO - HTTP Request: POST https://api.telegram.org/bot8348868901:AAFaXAgENEALsh0qRLWnb_b8pJearMYdEmo/getUpdates "HTTP/1.1 200 OK"
2025-09-13 15:48:42,474 - httpx - INFO - HTTP Request: POST https://api.telegram.org/bot8348868901:AAFaXAgENEALsh0qRLWnb_b8pJearMYdEmo/getUpdates "HTTP/1.1 200 OK"
2025-09-13 15:48:52,535 - httpx - INFO - HTTP Request: POST https://api.telegram.org/bot8348868901:AAFaXAgENEALsh0qRLWnb_b8pJearMYdEmo/getUpdates "HTTP/1.1 200 OK"
2025-09-13 15:49:02,580 - httpx - INFO - HTTP Request: POST https://api.telegram.org/bot8348868901:AAFaXAgENEALsh0qRLWnb_b8pJearMYdEmo/getUpdates "HTTP/1.1 200 OK"
2025-09-13 15:49:12,624 - httpx - INFO - HTTP Request: POST https://api.telegram.org/bot8348868901:AAFaXAgENEALsh0qRLWnb_b8pJearMYdEmo/getUpdates "HTTP/1.1 200 OK"
2025-09-13 15:49:22,672 - httpx - INFO - HTTP Request: POST https://api.telegram.org/bot8348868901:AAFaXAgENEALsh0qRLWnb_b8pJearMYdEmo/getUpdates "HTTP/1.1 200 OK"
2025-09-13 15:49:32,717 - httpx - INFO - HTTP Request: POST https://api.telegram.org/bot8348868901:AAFaXAgENEALsh0qRLWnb_b8pJearMYdEmo/getUpdates "HTTP/1.1 200 OK"
2025-09-13 15:49:42,769 - httpx - INFO - HTTP Request: POST https://api.telegram.org/bot8348868901:AAFaXAgENEALsh0qRLWnb_b8pJearMYdEmo/getUpdates "HTTP/1.1 200 OK"
2025-09-13 15:49:52,813 - httpx - INFO - HTTP Request: POST https://api.telegram.org/bot8348868901:AAFaXAgENEALsh0qRLWnb_b8pJearMYdEmo/getUpdates "HTTP/1.1 200 OK"
2025-09-13 15:50:02,898 - httpx - INFO - HTTP Request: POST https://api.telegram.org/bot8348868901:AAFaXAgENEALsh0qRLWnb_b8pJearMYdEmo/getUpdates "HTTP/1.1 200 OK"
2025-09-13 15:50:12,945 - httpx - INFO - HTTP Request: POST https://api.telegram.org/bot8348868901:AAFaXAgENEALsh0qRLWnb_b8pJearMYdEmo/getUpdates "HTTP/1.1 200 OK"
2025-09-13 15:50:22,990 - httpx - INFO - HTTP Request: POST https://api.telegram.org/bot8348868901:AAFaXAgENEALsh0qRLWnb_b8pJearMYdEmo/getUpdates "HTTP/1.1 200 OK"
2025-09-13 15:50:33,036 - httpx - INFO - HTTP Request: POST https://api.telegram.org/bot8348868901:AAFaXAgENEALsh0qRLWnb_b8pJearMYdEmo/getUpdates "HTTP/1.1 200 OK"
2025-09-13 15:50:43,081 - httpx - INFO - HTTP Request: POST https://api.telegram.org/bot8348868901:AAFaXAgENEALsh0qRLWnb_b8pJearMYdEmo/getUpdates "HTTP/1.1 200 OK"
2025-09-13 15:50:53,126 - httpx - INFO - HTTP Request: POST https://api.telegram.org/bot8348868901:AAFaXAgENEALsh0qRLWnb_b8pJearMYdEmo/getUpdates "HTTP/1.1 200 OK"
2025-09-13 15:51:03,171 - httpx - INFO - HTTP Request: POST https://api.telegram.org/bot8348868901:AAFaXAgENEALsh0qRLWnb_b8pJearMYdEmo/getUpdates "HTTP/1.1 200 OK"
2025-09-13 15:51:13,215 - httpx - INFO - HTTP Request: POST https://api.telegram.org/bot8348868901:AAFaXAgENEALsh0qRLWnb_b8pJearMYdEmo/getUpdates "HTTP/1.1 200 OK"
2025-09-13 15:51:23,261 - httpx - INFO - HTTP Request: POST https://api.telegram.org/bot8348868901:AAFaXAgENEALsh0qRLWnb_b8pJearMYdEmo/getUpdates "HTTP/1.1 200 OK"
2025-09-13 15:51:33,308 - httpx - INFO - HTTP Request: POST https://api.telegram.org/bot8348868901:AAFaXAgENEALsh0qRLWnb_b8pJearMYdEmo/getUpdates "HTTP/1.1 200 OK"
2025-09-13 15:51:43,352 - httpx - INFO - HTTP Request: POST https://api.telegram.org/bot8348868901:AAFaXAgENEALsh0qRLWnb_b8pJearMYdEmo/getUpdates "HTTP/1.1 200 OK"
2025-09-13 15:51:53,396 - httpx - INFO - HTTP Request: POST https://api.telegram.org/bot8348868901:AAFaXAgENEALsh0qRLWnb_b8pJearMYdEmo/getUpdates "HTTP/1.1 200 OK"
2025-09-13 15:52:03,602 - httpx - INFO - HTTP Request: POST https://api.telegram.org/bot8348868901:AAFaXAgENEALsh0qRLWnb_b8pJearMYdEmo/getUpdates "HTTP/1.1 200 OK"
2025-09-13 15:52:13,648 - httpx - INFO - HTTP Request: POST https://api.telegram.org/bot8348868901:AAFaXAgENEALsh0qRLWnb_b8pJearMYdEmo/getUpdates "HTTP/1.1 200 OK"
2025-09-13 15:52:23,698 - httpx - INFO - HTTP Request: POST https://api.telegram.org/bot8348868901:AAFaXAgENEALsh0qRLWnb_b8pJearMYdEmo/getUpdates "HTTP/1.1 200 OK"
2025-09-13 15:52:33,753 - httpx - INFO - HTTP Request: POST https://api.telegram.org/bot8348868901:AAFaXAgENEALsh0qRLWnb_b8pJearMYdEmo/getUpdates "HTTP/1.1 200 OK"
2025-09-13 15:52:43,803 - httpx - INFO - HTTP Request: POST https://api.telegram.org/bot8348868901:AAFaXAgENEALsh0qRLWnb_b8pJearMYdEmo/getUpdates "HTTP/1.1 200 OK"
2025-09-13 15:52:53,849 - httpx - INFO - HTTP Request: POST https://api.telegram.org/bot8348868901:AAFaXAgENEALsh0qRLWnb_b8pJearMYdEmo/getUpdates "HTTP/1.1 200 OK"
2025-09-13 15:53:03,948 - httpx - INFO - HTTP Request: POST https://api.telegram.org/bot8348868901:AAFaXAgENEALsh0qRLWnb_b8pJearMYdEmo/getUpdates "HTTP/1.1 200 OK"
2025-09-13 15:53:13,997 - httpx - INFO - HTTP Request: POST https://api.telegram.org/bot8348868901:AAFaXAgENEALsh0qRLWnb_b8pJearMYdEmo/getUpdates "HTTP/1.1 200 OK"
2025-09-13 15:53:24,044 - httpx - INFO - HTTP Request: POST https://api.telegram.org/bot8348868901:AAFaXAgENEALsh0qRLWnb_b8pJearMYdEmo/getUpdates "HTTP/1.1 200 OK"
2025-09-13 15:53:34,091 - httpx - INFO - HTTP Request: POST https://api.telegram.org/bot8348868901:AAFaXAgENEALsh0qRLWnb_b8pJearMYdEmo/getUpdates "HTTP/1.1 200 OK"
2025-09-13 15:53:44,135 - httpx - INFO - HTTP Request: POST https://api.telegram.org/bot8348868901:AAFaXAgENEALsh0qRLWnb_b8pJearMYdEmo/getUpdates "HTTP/1.1 200 OK"
2025-09-13 15:53:54,218 - httpx - INFO - HTTP Request: POST https://api.telegram.org/bot8348868901:AAFaXAgENEALsh0qRLWnb_b8pJearMYdEmo/getUpdates "HTTP/1.1 200 OK"
2025-09-13 15:54:04,262 - httpx - INFO - HTTP Request: POST https://api.telegram.org/bot8348868901:AAFaXAgENEALsh0qRLWnb_b8pJearMYdEmo/getUpdates "HTTP/1.1 200 OK"
2025-09-13 15:54:14,306 - httpx - INFO - HTTP Request: POST https://api.telegram.org/bot8348868901:AAFaXAgENEALsh0qRLWnb_b8pJearMYdEmo/getUpdates "HTTP/1.1 200 OK"
2025-09-13 15:54:24,353 - httpx - INFO - HTTP Request: POST https://api.telegram.org/bot8348868901:AAFaXAgENEALsh0qRLWnb_b8pJearMYdEmo/getUpdates "HTTP/1.1 200 OK"
2025-09-13 15:54:34,398 - httpx - INFO - HTTP Request: POST https://api.telegram.org/bot8348868901:AAFaXAgENEALsh0qRLWnb_b8pJearMYdEmo/getUpdates "HTTP/1.1 200 OK"
2025-09-13 15:54:44,444 - httpx - INFO - HTTP Request: POST https://api.telegram.org/bot8348868901:AAFaXAgENEALsh0qRLWnb_b8pJearMYdEmo/getUpdates "HTTP/1.1 200 OK"
2025-09-13 15:54:54,620 - httpx - INFO - HTTP Request: POST https://api.telegram.org/bot8348868901:AAFaXAgENEALsh0qRLWnb_b8pJearMYdEmo/getUpdates "HTTP/1.1 200 OK"
2025-09-13 15:55:04,769 - httpx - INFO - HTTP Request: POST https://api.telegram.org/bot8348868901:AAFaXAgENEALsh0qRLWnb_b8pJearMYdEmo/getUpdates "HTTP/1.1 200 OK"
2025-09-13 15:55:14,814 - httpx - INFO - HTTP Request: POST https://api.telegram.org/bot8348868901:AAFaXAgENEALsh0qRLWnb_b8pJearMYdEmo/getUpdates "HTTP/1.1 200 OK"
2025-09-13 15:55:24,862 - httpx - INFO - HTTP Request: POST https://api.telegram.org/bot8348868901:AAFaXAgENEALsh0qRLWnb_b8pJearMYdEmo/getUpdates "HTTP/1.1 200 OK"
2025-09-13 15:55:34,906 - httpx - INFO - HTTP Request: POST https://api.telegram.org/bot8348868901:AAFaXAgENEALsh0qRLWnb_b8pJearMYdEmo/getUpdates "HTTP/1.1 200 OK"
2025-09-13 15:55:45,061 - httpx - INFO - HTTP Request: POST https://api.telegram.org/bot8348868901:AAFaXAgENEALsh0qRLWnb_b8pJearMYdEmo/getUpdates "HTTP/1.1 200 OK"
2025-09-13 15:55:55,108 - httpx - INFO - HTTP Request: POST https://api.telegram.org/bot8348868901:AAFaXAgENEALsh0qRLWnb_b8pJearMYdEmo/getUpdates "HTTP/1.1 200 OK"
2025-09-13 15:56:05,156 - httpx - INFO - HTTP Request: POST https://api.telegram.org/bot8348868901:AAFaXAgENEALsh0qRLWnb_b8pJearMYdEmo/getUpdates "HTTP/1.1 200 OK"
2025-09-13 15:56:15,201 - httpx - INFO - HTTP Request: POST https://api.telegram.org/bot8348868901:AAFaXAgENEALsh0qRLWnb_b8pJearMYdEmo/getUpdates "HTTP/1.1 200 OK"
2025-09-13 15:56:25,245 - httpx - INFO - HTTP Request: POST https://api.telegram.org/bot8348868901:AAFaXAgENEALsh0qRLWnb_b8pJearMYdEmo/getUpdates "HTTP/1.1 200 OK"
2025-09-13 15:56:35,301 - httpx - INFO - HTTP Request: POST https://api.telegram.org/bot8348868901:AAFaXAgENEALsh0qRLWnb_b8pJearMYdEmo/getUpdates "HTTP/1.1 200 OK"
2025-09-13 15:56:45,346 - httpx - INFO - HTTP Request: POST https://api.telegram.org/bot8348868901:AAFaXAgENEALsh0qRLWnb_b8pJearMYdEmo/getUpdates "HTTP/1.1 200 OK"
2025-09-13 15:56:55,392 - httpx - INFO - HTTP Request: POST https://api.telegram.org/bot8348868901:AAFaXAgENEALsh0qRLWnb_b8pJearMYdEmo/getUpdates "HTTP/1.1 200 OK"
2025-09-13 15:57:05,439 - httpx - INFO - HTTP Request: POST https://api.telegram.org/bot8348868901:AAFaXAgENEALsh0qRLWnb_b8pJearMYdEmo/getUpdates "HTTP/1.1 200 OK"
2025-09-13 15:57:15,487 - httpx - INFO - HTTP Request: POST https://api.telegram.org/bot8348868901:AAFaXAgENEALsh0qRLWnb_b8pJearMYdEmo/getUpdates "HTTP/1.1 200 OK"
2025-09-13 15:57:25,531 - httpx - INFO - HTTP Request: POST https://api.telegram.org/bot8348868901:AAFaXAgENEALsh0qRLWnb_b8pJearMYdEmo/getUpdates "HTTP/1.1 200 OK"
2025-09-13 15:57:35,579 - httpx - INFO - HTTP Request: POST https://api.telegram.org/bot8348868901:AAFaXAgENEALsh0qRLWnb_b8pJearMYdEmo/getUpdates "HTTP/1.1 200 OK"
2025-09-13 15:57:45,625 - httpx - INFO - HTTP Request: POST https://api.telegram.org/bot8348868901:AAFaXAgENEALsh0qRLWnb_b8pJearMYdEmo/getUpdates "HTTP/1.1 200 OK"
2025-09-13 15:57:55,672 - httpx - INFO - HTTP Request: POST https://api.telegram.org/bot8348868901:AAFaXAgENEALsh0qRLWnb_b8pJearMYdEmo/getUpdates "HTTP/1.1 200 OK"
2025-09-13 15:58:05,719 - httpx - INFO - HTTP Request: POST https://api.telegram.org/bot8348868901:AAFaXAgENEALsh0qRLWnb_b8pJearMYdEmo/getUpdates "HTTP/1.1 200 OK"
2025-09-13 15:58:15,811 - httpx - INFO - HTTP Request: POST https://api.telegram.org/bot8348868901:AAFaXAgENEALsh0qRLWnb_b8pJearMYdEmo/getUpdates "HTTP/1.1 200 OK"
2025-09-13 15:58:25,896 - httpx - INFO - HTTP Request: POST https://api.telegram.org/bot8348868901:AAFaXAgENEALsh0qRLWnb_b8pJearMYdEmo/getUpdates "HTTP/1.1 200 OK"
2025-09-13 15:58:35,967 - httpx - INFO - HTTP Request: POST https://api.telegram.org/bot8348868901:AAFaXAgENEALsh0qRLWnb_b8pJearMYdEmo/getUpdates "HTTP/1.1 200 OK"
2025-09-13 15:58:46,010 - httpx - INFO - HTTP Request: POST https://api.telegram.org/bot8348868901:AAFaXAgENEALsh0qRLWnb_b8pJearMYdEmo/getUpdates "HTTP/1.1 200 OK"
2025-09-13 15:58:56,055 - httpx - INFO - HTTP Request: POST https://api.telegram.org/bot8348868901:AAFaXAgENEALsh0qRLWnb_b8pJearMYdEmo/getUpdates "HTTP/1.1 200 OK"
2025-09-13 15:59:06,100 - httpx - INFO - HTTP Request: POST https://api.telegram.org/bot8348868901:AAFaXAgENEALsh0qRLWnb_b8pJearMYdEmo/getUpdates "HTTP/1.1 200 OK"
2025-09-13 15:59:16,156 - httpx - INFO - HTTP Request: POST https://api.telegram.org/bot8348868901:AAFaXAgENEALsh0qRLWnb_b8pJearMYdEmo/getUpdates "HTTP/1.1 200 OK"
2025-09-13 15:59:26,206 - httpx - INFO - HTTP Request: POST https://api.telegram.org/bot8348868901:AAFaXAgENEALsh0qRLWnb_b8pJearMYdEmo/getUpdates "HTTP/1.1 200 OK"
2025-09-13 15:59:36,255 - httpx - INFO - HTTP Request: POST https://api.telegram.org/bot8348868901:AAFaXAgENEALsh0qRLWnb_b8pJearMYdEmo/getUpdates "HTTP/1.1 200 OK"
2025-09-13 15:59:46,302 - httpx - INFO - HTTP Request: POST https://api.telegram.org/bot8348868901:AAFaXAgENEALsh0qRLWnb_b8pJearMYdEmo/getUpdates "HTTP/1.1 200 OK"
2025-09-13 15:59:56,358 - httpx - INFO - HTTP Request: POST https://api.telegram.org/bot8348868901:AAFaXAgENEALsh0qRLWnb_b8pJearMYdEmo/getUpdates "HTTP/1.1 200 OK"
2025-09-13 16:00:06,411 - httpx - INFO - HTTP Request: POST https://api.telegram.org/bot8348868901:AAFaXAgENEALsh0qRLWnb_b8pJearMYdEmo/getUpdates "HTTP/1.1 200 OK"
2025-09-13 16:00:16,459 - httpx - INFO - HTTP Request: POST https://api.telegram.org/bot8348868901:AAFaXAgENEALsh0qRLWnb_b8pJearMYdEmo/getUpdates "HTTP/1.1 200 OK"
2025-09-13 16:00:26,505 - httpx - INFO - HTTP Request: POST https://api.telegram.org/bot8348868901:AAFaXAgENEALsh0qRLWnb_b8pJearMYdEmo/getUpdates "HTTP/1.1 200 OK"
2025-09-13 16:00:36,553 - httpx - INFO - HTTP Request: POST https://api.telegram.org/bot8348868901:AAFaXAgENEALsh0qRLWnb_b8pJearMYdEmo/getUpdates "HTTP/1.1 200 OK"
2025-09-13 16:00:46,609 - httpx - INFO - HTTP Request: POST https://api.telegram.org/bot8348868901:AAFaXAgENEALsh0qRLWnb_b8pJearMYdEmo/getUpdates "HTTP/1.1 200 OK"
2025-09-13 16:00:56,653 - httpx - INFO - HTTP Request: POST https://api.telegram.org/bot8348868901:AAFaXAgENEALsh0qRLWnb_b8pJearMYdEmo/getUpdates "HTTP/1.1 200 OK"
2025-09-13 16:01:06,698 - httpx - INFO - HTTP Request: POST https://api.telegram.org/bot8348868901:AAFaXAgENEALsh0qRLWnb_b8pJearMYdEmo/getUpdates "HTTP/1.1 200 OK"
2025-09-13 16:01:16,744 - httpx - INFO - HTTP Request: POST https://api.telegram.org/bot8348868901:AAFaXAgENEALsh0qRLWnb_b8pJearMYdEmo/getUpdates "HTTP/1.1 200 OK"
2025-09-13 16:01:26,789 - httpx - INFO - HTTP Request: POST https://api.telegram.org/bot8348868901:AAFaXAgENEALsh0qRLWnb_b8pJearMYdEmo/getUpdates "HTTP/1.1 200 OK"
2025-09-13 16:01:36,843 - httpx - INFO - HTTP Request: POST https://api.telegram.org/bot8348868901:AAFaXAgENEALsh0qRLWnb_b8pJearMYdEmo/getUpdates "HTTP/1.1 200 OK"
2025-09-13 16:01:46,888 - httpx - INFO - HTTP Request: POST https://api.telegram.org/bot8348868901:AAFaXAgENEALsh0qRLWnb_b8pJearMYdEmo/getUpdates "HTTP/1.1 200 OK"
2025-09-13 16:01:56,935 - httpx - INFO - HTTP Request: POST https://api.telegram.org/bot8348868901:AAFaXAgENEALsh0qRLWnb_b8pJearMYdEmo/getUpdates "HTTP/1.1 200 OK"
2025-09-13 16:02:06,980 - httpx - INFO - HTTP Request: POST https://api.telegram.org/bot8348868901:AAFaXAgENEALsh0qRLWnb_b8pJearMYdEmo/getUpdates "HTTP/1.1 200 OK"
2025-09-13 16:02:17,043 - httpx - INFO - HTTP Request: POST https://api.telegram.org/bot8348868901:AAFaXAgENEALsh0qRLWnb_b8pJearMYdEmo/getUpdates "HTTP/1.1 200 OK"
2025-09-13 16:02:27,089 - httpx - INFO - HTTP Request: POST https://api.telegram.org/bot8348868901:AAFaXAgENEALsh0qRLWnb_b8pJearMYdEmo/getUpdates "HTTP/1.1 200 OK"
2025-09-13 16:02:37,159 - httpx - INFO - HTTP Request: POST https://api.telegram.org/bot8348868901:AAFaXAgENEALsh0qRLWnb_b8pJearMYdEmo/getUpdates "HTTP/1.1 200 OK"
2025-09-13 16:02:47,205 - httpx - INFO - HTTP Request: POST https://api.telegram.org/bot8348868901:AAFaXAgENEALsh0qRLWnb_b8pJearMYdEmo/getUpdates "HTTP/1.1 200 OK"
2025-09-13 16:02:57,250 - httpx - INFO - HTTP Request: POST https://api.telegram.org/bot8348868901:AAFaXAgENEALsh0qRLWnb_b8pJearMYdEmo/getUpdates "HTTP/1.1 200 OK"
2025-09-13 16:03:07,295 - httpx - INFO - HTTP Request: POST https://api.telegram.org/bot8348868901:AAFaXAgENEALsh0qRLWnb_b8pJearMYdEmo/getUpdates "HTTP/1.1 200 OK"
2025-09-13 16:03:17,340 - httpx - INFO - HTTP Request: POST https://api.telegram.org/bot8348868901:AAFaXAgENEALsh0qRLWnb_b8pJearMYdEmo/getUpdates "HTTP/1.1 200 OK"
2025-09-13 16:03:27,386 - httpx - INFO - HTTP Request: POST https://api.telegram.org/bot8348868901:AAFaXAgENEALsh0qRLWnb_b8pJearMYdEmo/getUpdates "HTTP/1.1 200 OK"
2025-09-13 16:03:37,434 - httpx - INFO - HTTP Request: POST https://api.telegram.org/bot8348868901:AAFaXAgENEALsh0qRLWnb_b8pJearMYdEmo/getUpdates "HTTP/1.1 200 OK"
2025-09-13 16:03:47,485 - httpx - INFO - HTTP Request: POST https://api.telegram.org/bot8348868901:AAFaXAgENEALsh0qRLWnb_b8pJearMYdEmo/getUpdates "HTTP/1.1 200 OK"
2025-09-13 16:03:57,533 - httpx - INFO - HTTP Request: POST https://api.telegram.org/bot8348868901:AAFaXAgENEALsh0qRLWnb_b8pJearMYdEmo/getUpdates "HTTP/1.1 200 OK"
2025-09-13 16:04:07,578 - httpx - INFO - HTTP Request: POST https://api.telegram.org/bot8348868901:AAFaXAgENEALsh0qRLWnb_b8pJearMYdEmo/getUpdates "HTTP/1.1 200 OK"
2025-09-13 16:04:17,624 - httpx - INFO - HTTP Request: POST https://api.telegram.org/bot8348868901:AAFaXAgENEALsh0qRLWnb_b8pJearMYdEmo/getUpdates "HTTP/1.1 200 OK"
2025-09-13 16:04:27,675 - httpx - INFO - HTTP Request: POST https://api.telegram.org/bot8348868901:AAFaXAgENEALsh0qRLWnb_b8pJearMYdEmo/getUpdates "HTTP/1.1 200 OK"
2025-09-13 16:04:37,721 - httpx - INFO - HTTP Request: POST https://api.telegram.org/bot8348868901:AAFaXAgENEALsh0qRLWnb_b8pJearMYdEmo/getUpdates "HTTP/1.1 200 OK"
2025-09-13 16:04:47,770 - httpx - INFO - HTTP Request: POST https://api.telegram.org/bot8348868901:AAFaXAgENEALsh0qRLWnb_b8pJearMYdEmo/getUpdates "HTTP/1.1 200 OK"
2025-09-13 16:04:57,817 - httpx - INFO - HTTP Request: POST https://api.telegram.org/bot8348868901:AAFaXAgENEALsh0qRLWnb_b8pJearMYdEmo/getUpdates "HTTP/1.1 200 OK"
2025-09-13 16:05:07,864 - httpx - INFO - HTTP Request: POST https://api.telegram.org/bot8348868901:AAFaXAgENEALsh0qRLWnb_b8pJearMYdEmo/getUpdates "HTTP/1.1 200 OK"
2025-09-13 16:05:17,908 - httpx - INFO - HTTP Request: POST https://api.telegram.org/bot8348868901:AAFaXAgENEALsh0qRLWnb_b8pJearMYdEmo/getUpdates "HTTP/1.1 200 OK"
2025-09-13 16:05:27,953 - httpx - INFO - HTTP Request: POST https://api.telegram.org/bot8348868901:AAFaXAgENEALsh0qRLWnb_b8pJearMYdEmo/getUpdates "HTTP/1.1 200 OK"
2025-09-13 16:05:37,998 - httpx - INFO - HTTP Request: POST https://api.telegram.org/bot8348868901:AAFaXAgENEALsh0qRLWnb_b8pJearMYdEmo/getUpdates "HTTP/1.1 200 OK"
2025-09-13 16:05:48,043 - httpx - INFO - HTTP Request: POST https://api.telegram.org/bot8348868901:AAFaXAgENEALsh0qRLWnb_b8pJearMYdEmo/getUpdates "HTTP/1.1 200 OK"
2025-09-13 16:05:58,088 - httpx - INFO - HTTP Request: POST https://api.telegram.org/bot8348868901:AAFaXAgENEALsh0qRLWnb_b8pJearMYdEmo/getUpdates "HTTP/1.1 200 OK"
2025-09-13 16:06:08,137 - httpx - INFO - HTTP Request: POST https://api.telegram.org/bot8348868901:AAFaXAgENEALsh0qRLWnb_b8pJearMYdEmo/getUpdates "HTTP/1.1 200 OK"
2025-09-13 16:06:18,185 - httpx - INFO - HTTP Request: POST https://api.telegram.org/bot8348868901:AAFaXAgENEALsh0qRLWnb_b8pJearMYdEmo/getUpdates "HTTP/1.1 200 OK"
2025-09-13 16:06:28,232 - httpx - INFO - HTTP Request: POST https://api.telegram.org/bot8348868901:AAFaXAgENEALsh0qRLWnb_b8pJearMYdEmo/getUpdates "HTTP/1.1 200 OK"
2025-09-13 16:06:38,278 - httpx - INFO - HTTP Request: POST https://api.telegram.org/bot8348868901:AAFaXAgENEALsh0qRLWnb_b8pJearMYdEmo/getUpdates "HTTP/1.1 200 OK"
2025-09-13 16:06:48,328 - httpx - INFO - HTTP Request: POST https://api.telegram.org/bot8348868901:AAFaXAgENEALsh0qRLWnb_b8pJearMYdEmo/getUpdates "HTTP/1.1 200 OK"
2025-09-13 16:06:58,373 - httpx - INFO - HTTP Request: POST https://api.telegram.org/bot8348868901:AAFaXAgENEALsh0qRLWnb_b8pJearMYdEmo/getUpdates "HTTP/1.1 200 OK"
2025-09-13 16:07:08,428 - httpx - INFO - HTTP Request: POST https://api.telegram.org/bot8348868901:AAFaXAgENEALsh0qRLWnb_b8pJearMYdEmo/getUpdates "HTTP/1.1 200 OK"
2025-09-13 16:07:18,472 - httpx - INFO - HTTP Request: POST https://api.telegram.org/bot8348868901:AAFaXAgENEALsh0qRLWnb_b8pJearMYdEmo/getUpdates "HTTP/1.1 200 OK"
2025-09-13 16:07:28,520 - httpx - INFO - HTTP Request: POST https://api.telegram.org/bot8348868901:AAFaXAgENEALsh0qRLWnb_b8pJearMYdEmo/getUpdates "HTTP/1.1 200 OK"
2025-09-13 16:07:38,566 - httpx - INFO - HTTP Request: POST https://api.telegram.org/bot8348868901:AAFaXAgENEALsh0qRLWnb_b8pJearMYdEmo/getUpdates "HTTP/1.1 200 OK"
2025-09-13 16:07:48,615 - httpx - INFO - HTTP Request: POST https://api.telegram.org/bot8348868901:AAFaXAgENEALsh0qRLWnb_b8pJearMYdEmo/getUpdates "HTTP/1.1 200 OK"
2025-09-13 16:07:58,663 - httpx - INFO - HTTP Request: POST https://api.telegram.org/bot8348868901:AAFaXAgENEALsh0qRLWnb_b8pJearMYdEmo/getUpdates "HTTP/1.1 200 OK"
2025-09-13 16:08:08,711 - httpx - INFO - HTTP Request: POST https://api.telegram.org/bot8348868901:AAFaXAgENEALsh0qRLWnb_b8pJearMYdEmo/getUpdates "HTTP/1.1 200 OK"
2025-09-13 16:08:18,756 - httpx - INFO - HTTP Request: POST https://api.telegram.org/bot8348868901:AAFaXAgENEALsh0qRLWnb_b8pJearMYdEmo/getUpdates "HTTP/1.1 200 OK"
2025-09-13 16:08:28,802 - httpx - INFO - HTTP Request: POST https://api.telegram.org/bot8348868901:AAFaXAgENEALsh0qRLWnb_b8pJearMYdEmo/getUpdates "HTTP/1.1 200 OK"
2025-09-13 16:08:38,849 - httpx - INFO - HTTP Request: POST https://api.telegram.org/bot8348868901:AAFaXAgENEALsh0qRLWnb_b8pJearMYdEmo/getUpdates "HTTP/1.1 200 OK"
2025-09-13 16:08:48,894 - httpx - INFO - HTTP Request: POST https://api.telegram.org/bot8348868901:AAFaXAgENEALsh0qRLWnb_b8pJearMYdEmo/getUpdates "HTTP/1.1 200 OK"
2025-09-13 16:08:58,950 - httpx - INFO - HTTP Request: POST https://api.telegram.org/bot8348868901:AAFaXAgENEALsh0qRLWnb_b8pJearMYdEmo/getUpdates "HTTP/1.1 200 OK"
2025-09-13 16:09:08,995 - httpx - INFO - HTTP Request: POST https://api.telegram.org/bot8348868901:AAFaXAgENEALsh0qRLWnb_b8pJearMYdEmo/getUpdates "HTTP/1.1 200 OK"
2025-09-13 16:09:19,056 - httpx - INFO - HTTP Request: POST https://api.telegram.org/bot8348868901:AAFaXAgENEALsh0qRLWnb_b8pJearMYdEmo/getUpdates "HTTP/1.1 200 OK"
2025-09-13 16:09:29,100 - httpx - INFO - HTTP Request: POST https://api.telegram.org/bot8348868901:AAFaXAgENEALsh0qRLWnb_b8pJearMYdEmo/getUpdates "HTTP/1.1 200 OK"
2025-09-13 16:09:39,151 - httpx - INFO - HTTP Request: POST https://api.telegram.org/bot8348868901:AAFaXAgENEALsh0qRLWnb_b8pJearMYdEmo/getUpdates "HTTP/1.1 200 OK"
2025-09-13 16:09:49,195 - httpx - INFO - HTTP Request: POST https://api.telegram.org/bot8348868901:AAFaXAgENEALsh0qRLWnb_b8pJearMYdEmo/getUpdates "HTTP/1.1 200 OK"
2025-09-13 16:09:59,240 - httpx - INFO - HTTP Request: POST https://api.telegram.org/bot8348868901:AAFaXAgENEALsh0qRLWnb_b8pJearMYdEmo/getUpdates "HTTP/1.1 200 OK"
2025-09-13 16:10:09,284 - httpx - INFO - HTTP Request: POST https://api.telegram.org/bot8348868901:AAFaXAgENEALsh0qRLWnb_b8pJearMYdEmo/getUpdates "HTTP/1.1 200 OK"
2025-09-13 16:10:19,328 - httpx - INFO - HTTP Request: POST https://api.telegram.org/bot8348868901:AAFaXAgENEALsh0qRLWnb_b8pJearMYdEmo/getUpdates "HTTP/1.1 200 OK"
